Arguments: 
  /usr/local/bin/node /usr/local/bin/yarn publish

PATH: 
  /usr/local/bin:/usr/bin:/bin:/usr/sbin:/sbin:/Library/Apple/usr/bin:/usr/local/mysql/bin:/usr/local/mysql/bin:/Users/chenheng/Users/chenheng/Library/Android/sdk/tools:/Users/chenheng/Users/chenheng/Library/Android/sdk/tools/bin:/Users/chenheng/Users/chenheng/Library/Android/sdk/platform-tools:/Users/chenheng/Users/chenheng/Library/Android/sdk/emulator

Yarn version: 
  1.22.4

Node version: 
  14.5.0

Platform: 
  darwin x64

Trace: 
  Error: https://registry.yarnpkg.com/-/user/org.couchdb.user:herbertchan: The password you have entered was detected on a public list of known compromised passwords. Please enter a different password.
      at Request.params.callback [as _callback] (/usr/local/lib/node_modules/yarn/lib/cli.js:66987:18)
      at Request.self.callback (/usr/local/lib/node_modules/yarn/lib/cli.js:140748:22)
      at Request.emit (events.js:314:20)
      at Request.<anonymous> (/usr/local/lib/node_modules/yarn/lib/cli.js:141720:10)
      at Request.emit (events.js:314:20)
      at IncomingMessage.<anonymous> (/usr/local/lib/node_modules/yarn/lib/cli.js:141642:12)
      at Object.onceWrapper (events.js:420:28)
      at IncomingMessage.emit (events.js:326:22)
      at endReadableNT (_stream_readable.js:1226:12)
      at processTicksAndRejections (internal/process/task_queues.js:80:21)

npm manifest: 
  {
    "name": "gen-koa",
    "version": "1.0.0",
    "main": "bin/index.js",
    "license": "MIT",
    "bin": {
      "hello": "bin/index.js"
    }
  }

yarn manifest: 
  No manifest

Lockfile: 
  No lockfile
